1628034565729	geckodriver	INFO	Listening on 127.0.0.1:61259
1628034568806	mozrunner::runner	INFO	Running command: "C:\\Program Files\\Mozilla Firefox\\firefox.exe" "--marionette" "-foreground" "-no-remote" "-profile" "C:\\Users\\BNER~1\\AppData\\Local\\Temp\\rust_mozprofilenTA6CX"
Can't find symbol 'eglSwapBuffersWithDamageEXT'.
Can't find symbol 'eglSetDamageRegionKHR'.
console.warn: SearchSettings: "get: No settings file exists, new profile?" (new Error("", "(unknown module)"))
1628034575283	Marionette	INFO	Listening on port 61267
1628034575828	Marionette	WARN	TLS certificate errors will be ignored for this session
console.log: WebExtensions: reset-default-search: No addons in our list are installed.
1628035203067	Marionette	INFO	Stopped listening on port 61267

###!!! [Child][RunMessage] Error: Channel closing: too late to send/recv, messages will be lost

1628035432707	geckodriver	INFO	Listening on 127.0.0.1:60326
1628035435787	mozrunner::runner	INFO	Running command: "C:\\Program Files\\Mozilla Firefox\\firefox.exe" "--marionette" "-foreground" "-no-remote" "-profile" "C:\\Users\\BNER~1\\AppData\\Local\\Temp\\rust_mozprofileRoLADZ"
1628035766822	geckodriver	INFO	Listening on 127.0.0.1:60812
1628035769932	mozrunner::runner	INFO	Running command: "C:\\Program Files\\Mozilla Firefox\\firefox.exe" "--marionette" "-foreground" "-no-remote" "-profile" "C:\\Users\\BNER~1\\AppData\\Local\\Temp\\rust_mozprofile1IbE2z"
1628035770798	Marionette	INFO	Marionette enabled
console.warn: SearchSettings: "get: No settings file exists, new profile?" (new Error("", "(unknown module)"))
1628035775204	Marionette	INFO	Listening on port 60820
1628035775333	Marionette	WARN	TLS certificate errors will be ignored for this session
1628035785626	Marionette	INFO	Stopped listening on port 60820

###!!! [Child][RunMessage] Error: Channel closing: too late to send/recv, messages will be lost

1628035792243	geckodriver	INFO	Listening on 127.0.0.1:60869
1628035795373	mozrunner::runner	INFO	Running command: "C:\\Program Files\\Mozilla Firefox\\firefox.exe" "--marionette" "-foreground" "-no-remote" "-profile" "C:\\Users\\BNER~1\\AppData\\Local\\Temp\\rust_mozprofilegp7jhc"
1628035796213	Marionette	INFO	Marionette enabled
console.warn: SearchSettings: "get: No settings file exists, new profile?" (new Error("", "(unknown module)"))
1628035800344	Marionette	INFO	Listening on port 60877
1628035800760	Marionette	WARN	TLS certificate errors will be ignored for this session
console.log: WebExtensions: reset-default-search: starting.
console.log: WebExtensions: reset-default-search: No addons in our list are installed.
JavaScript error: , line 0: NS_ERROR_NOT_AVAILABLE
1628041318807	Marionette	INFO	Stopped listening on port 60877
1628105110778	geckodriver	INFO	Listening on 127.0.0.1:50115
1628105113826	mozrunner::runner	INFO	Running command: "C:\\Program Files\\Mozilla Firefox\\firefox.exe" "--marionette" "-foreground" "-no-remote" "-profile" "C:\\Users\\BNER~1\\AppData\\Local\\Temp\\rust_mozprofileC2e8ao"
1628105114650	Marionette	INFO	Marionette enabled
console.warn: SearchSettings: "get: No settings file exists, new profile?" (new Error("", "(unknown module)"))
1628105117732	Marionette	INFO	Listening on port 50123
1628105118052	Marionette	WARN	TLS certificate errors will be ignored for this session
1628105127525	Marionette	INFO	Stopped listening on port 50123

###!!! [Child][RunMessage] Error: Channel closing: too late to send/recv, messages will be lost

1628105483364	geckodriver	INFO	Listening on 127.0.0.1:55982
1628105486438	mozrunner::runner	INFO	Running command: "C:\\Program Files\\Mozilla Firefox\\firefox.exe" "--marionette" "-foreground" "-no-remote" "-profile" "C:\\Users\\BNER~1\\AppData\\Local\\Temp\\rust_mozprofile45in4E"
1628105486915	Marionette	INFO	Marionette enabled
console.warn: SearchSettings: "get: No settings file exists, new profile?" (new Error("", "(unknown module)"))
1628105489499	Marionette	INFO	Listening on port 55990
1628105489645	Marionette	WARN	TLS certificate errors will be ignored for this session
1628105514215	Marionette	INFO	Stopped listening on port 55990

###!!! [Child][RunMessage] Error: Channel closing: too late to send/recv, messages will be lost

1628105586096	geckodriver	INFO	Listening on 127.0.0.1:56048
1628105589137	mozrunner::runner	INFO	Running command: "C:\\Program Files\\Mozilla Firefox\\firefox.exe" "--marionette" "-foreground" "-no-remote" "-profile" "C:\\Users\\BNER~1\\AppData\\Local\\Temp\\rust_mozprofileTijPnP"
1628105589588	Marionette	INFO	Marionette enabled
console.warn: SearchSettings: "get: No settings file exists, new profile?" (new Error("", "(unknown module)"))
1628105592079	Marionette	INFO	Listening on port 56056
1628105592319	Marionette	WARN	TLS certificate errors will be ignored for this session
1628105601073	Marionette	INFO	Stopped listening on port 56056

###!!! [Child][RunMessage] Error: Channel closing: too late to send/recv, messages will be lost

1628105676094	geckodriver	INFO	Listening on 127.0.0.1:59816
1628105679149	mozrunner::runner	INFO	Running command: "C:\\Program Files\\Mozilla Firefox\\firefox.exe" "--marionette" "-foreground" "-no-remote" "-profile" "C:\\Users\\BNER~1\\AppData\\Local\\Temp\\rust_mozprofileZpChoN"
1628105679648	Marionette	INFO	Marionette enabled
console.warn: SearchSettings: "get: No settings file exists, new profile?" (new Error("", "(unknown module)"))
1628105682516	Marionette	INFO	Listening on port 59825
1628105682840	Marionette	WARN	TLS certificate errors will be ignored for this session
1628105722720	Marionette	INFO	Stopped listening on port 59825

###!!! [Child][RunMessage] Error: Channel closing: too late to send/recv, messages will be lost

[2021-08-04T19:35:23Z ERROR bitsdownload::bits_interface::monitor] Unable to dispatch to thread: NS_ERROR_ILLEGAL_DURING_SHUTDOWN
0	Marionette	INFO	Marionette enabled
console.warn: SearchSettings: "get: No settings file exists, new profile?" (new Error("", "(unknown module)"))
1628105714523	Marionette	INFO	Listening on port 59882
1628105714553	Marionette	WARN	TLS certificate errors will be ignored for this session
1628105719880	Marionette	INFO	Stopped listening on port 59882

###!!! [Child][RunMessage] Error: Channel closing: too late to send/recv, messages will be lost

1628106955903	geckodriver	INFO	Listening on 127.0.0.1:64099
1628106958975	mozrunner::runner	INFO	Running command: "C:\\Program Files\\Mozilla Firefox\\firefox.exe" "--marionette" "-foreground" "-no-remote" "-profile" "C:\\Users\\BNER~1\\AppData\\Local\\Temp\\rust_mozprofilezv98kI"
1628106959445	Marionette	INFO	Marionette enabled
console.warn: SearchSettings: "get: No settings file exists, new profile?" (new Error("", "(unknown module)"))
1628106962138	Marionette	INFO	Listening on port 64107
1628106962178	Marionette	WARN	TLS certificate errors will be ignored for this session
1628106967423	Marionette	INFO	Stopped listening on port 64107

###!!! [Child][RunMessage] Error: Channel closing: too late to send/recv, messages will be lost

1628107143824	geckodriver	INFO	Listening on 127.0.0.1:54487
1628107146880	mozrunner::runner	INFO	Running command: "C:\\Program Files\\Mozilla Firefox\\firefox.exe" "--marionette" "-foreground" "-no-remote" "-profile" "C:\\Users\\BNER~1\\AppData\\Local\\Temp\\rust_mozprofileEGlYK0"
1628107170900	geckodriver	INFO	Listening on 127.0.0.1:64276
1628107173933	mozrunner::runner	INFO	Running command: "C:\\Program Files\\Mozilla Firefox\\firefox.exe" "--marionette" "-foreground" "-no-remote" "-profile" "C:\\Users\\BNER~1\\AppData\\Local\\Temp\\rust_mozprofilekfEmEI"
1628112603826	geckodriver	INFO	Listening on 127.0.0.1:65325
1628112606878	mozrunner::runner	INFO	Running command: "C:\\Program Files\\Mozilla Firefox\\firefox.exe" "--marionette" "-foreground" "-no-remote" "-profile" "C:\\Users\\BNER~1\\AppData\\Local\\Temp\\rust_mozprofile8ELaah"
1628112607313	Marionette	INFO	Marionette enabled
console.warn: SearchSettings: "get: No settings file exists, new profile?" (new NotFoundError("Could not open the file at C:\\Users\\\xC1bner\\AppData\\Local\\Temp\\rust_mozprofile8ELaah\\search.json.mozlz4", (void 0)))
1628112610035	Marionette	INFO	Listening on port 65333
1628112610089	Marionette	WARN	TLS certificate errors will be ignored for this session
1628112763939	Marionette	INFO	Stopped listening on port 65333

###!!! [Child][RunMessage] Error: Channel closing: too late to send/recv, messages will be lost

1628112780256	geckodriver	INFO	Listening on 127.0.0.1:65382
1628112783294	mozrunner::runner	INFO	Running command: "C:\\Program Files\\Mozilla Firefox\\firefox.exe" "--marionette" "-foreground" "-no-remote" "-profile" "C:\\Users\\BNER~1\\AppData\\Local\\Temp\\rust_mozprofileYX7jsz"
1628112783708	Marionette	INFO	Marionette enabled
console.warn: SearchSettings: "get: No settings file exists, new profile?" (new NotFoundError("Could not open the file at C:\\Users\\\xC1bner\\AppData\\Local\\Temp\\rust_mozprofileYX7jsz\\search.json.mozlz4", (void 0)))
1628112786539	Marionette	INFO	Listening on port 65390
1628112786988	Marionette	WARN	TLS certificate errors will be ignored for this session
1628112787086	Marionette	INFO	Stopped listening on port 65390
console.error: services.settings: 
  main/message-groups Signature failed  TypeError: NetworkError when attempting to fetch resource.
console.log: "RemoteSettingsWorker error: AbortError: IndexedDB:  execute() A request was aborted, for example through a call to IDBTransaction.abort."
JavaScript error: resource://gre/modules/AsyncShutdown.jsm, line 718: Error: Phase "profile-before-change" is finished, it is too late to register completion condition "DoHController: clear state and remove observers"

###!!! [Child][RunMessage] Error: Channel closing: too late to send/recv, messages will be lost

1628297468264	geckodriver	INFO	Listening on 127.0.0.1:49576
1628297471372	mozrunner::runner	INFO	Running command: "C:\\Program Files\\Mozilla Firefox\\firefox.exe" "--marionette" "-foreground" "-no-remote" "-profile" "C:\\Users\\BNER~1\\AppData\\Local\\Temp\\rust_mozprofilePlOjKA"
1628297472602	Marionette	INFO	Marionette enabled
console.warn: SearchSettings: "get: No settings file exists, new profile?" (new NotFoundError("Could not open the file at C:\\Users\\\xC1bner\\AppData\\Local\\Temp\\rust_mozprofilePlOjKA\\search.json.mozlz4", (void 0)))
1628297477096	Marionette	INFO	Listening on port 49584
1628297477245	Marionette	WARN	TLS certificate errors will be ignored for this session
1628297483987	Marionette	INFO	Stopped listening on port 49584

###!!! [Child][RunMessage] Error: Channel closing: too late to send/recv, messages will be lost

1628297507201	geckodriver	INFO	Listening on 127.0.0.1:49627
1628297510288	mozrunner::runner	INFO	Running command: "C:\\Program Files\\Mozilla Firefox\\firefox.exe" "--marionette" "-foreground" "-no-remote" "-profile" "C:\\Users\\BNER~1\\AppData\\Local\\Temp\\rust_mozprofiledz5SCZ"
1628297511058	Marionette	INFO	Marionette enabled
console.warn: SearchSettings: "get: No settings file exists, new profile?" (new NotFoundError("Could not open the file at C:\\Users\\\xC1bner\\AppData\\Local\\Temp\\rust_mozprofiledz5SCZ\\search.json.mozlz4", (void 0)))
1628297515244	Marionette	INFO	Listening on port 49635
1628297515670	Marionette	WARN	TLS certificate errors will be ignored for this session
1628297522370	Marionette	INFO	Stopped listening on port 49635

###!!! [Child][RunMessage] Error: Channel closing: too late to send/recv, messages will be lost

1628297636776	geckodriver	INFO	Listening on 127.0.0.1:49689
1628297639860	mozrunner::runner	INFO	Running command: "C:\\Program Files\\Mozilla Firefox\\firefox.exe" "--marionette" "-foreground" "-no-remote" "-profile" "C:\\Users\\BNER~1\\AppData\\Local\\Temp\\rust_mozprofilejLUZrZ"
1628297640582	Marionette	INFO	Marionette enabled
console.warn: SearchSettings: "get: No settings file exists, new profile?" (new NotFoundError("Could not open the file at C:\\Users\\\xC1bner\\AppData\\Local\\Temp\\rust_mozprofilejLUZrZ\\search.json.mozlz4", (void 0)))
1628297644738	Marionette	INFO	Listening on port 49697
1628297645216	Marionette	WARN	TLS certificate errors will be ignored for this session
1628297645505	Marionette	INFO	Stopped listening on port 49697
console.error: services.settings: 
  main/message-groups Signature failed  TypeError: NetworkError when attempting to fetch resource.

###!!! [Child][RunMessage] Error: Channel closing: too late to send/recv, messages will be lost

1628299878265	geckodriver	INFO	Listening on 127.0.0.1:62785
1628299881343	mozrunner::runner	INFO	Running command: "C:\\Program Files\\Mozilla Firefox\\firefox.exe" "--marionette" "-foreground" "-no-remote" "-profile" "C:\\Users\\BNER~1\\AppData\\Local\\Temp\\rust_mozprofile0sbnzt"
1628299882129	Marionette	INFO	Marionette enabled
console.warn: SearchSettings: "get: No settings file exists, new profile?" (new NotFoundError("Could not open the file at C:\\Users\\\xC1bner\\AppData\\Local\\Temp\\rust_mozprofile0sbnzt\\search.json.mozlz4", (void 0)))
1628299886337	Marionette	INFO	Listening on port 62794
1628299886683	Marionette	WARN	TLS certificate errors will be ignored for this session
1628299886994	Marionette	INFO	Stopped listening on port 62794
[Parent 4684, IPC I/O Parent] WARNING: file /builds/worker/checkouts/gecko/ipc/chromium/src/base/process_util_win.cc:167
JavaScript error: resource://gre/modules/AsyncShutdown.jsm, line 718: Error: Phase "profile-before-change" is finished, it is too late to register completion condition "DoHController: clear state and remove observers"

###!!! [Child][RunMessage] Error: Channel closing: too late to send/recv, messages will be lost

1628299916218	geckodriver	INFO	Listening on 127.0.0.1:62819
1628299919310	mozrunner::runner	INFO	Running command: "C:\\Program Files\\Mozilla Firefox\\firefox.exe" "--marionette" "-foreground" "-no-remote" "-profile" "C:\\Users\\BNER~1\\AppData\\Local\\Temp\\rust_mozprofileSArGfi"
1628299920295	Marionette	INFO	Marionette enabled
console.warn: SearchSettings: "get: No settings file exists, new profile?" (new NotFoundError("Could not open the file at C:\\Users\\\xC1bner\\AppData\\Local\\Temp\\rust_mozprofileSArGfi\\search.json.mozlz4", (void 0)))
1628299924541	Marionette	INFO	Listening on port 62827
1628299924664	Marionette	WARN	TLS certificate errors will be ignored for this session
1628299924972	Marionette	INFO	Stopped listening on port 62827

###!!! [Child][RunMessage] Error: Channel closing: too late to send/recv, messages will be lost

1628299964848	geckodriver	INFO	Listening on 127.0.0.1:62849
1628299967935	mozrunner::runner	INFO	Running command: "C:\\Program Files\\Mozilla Firefox\\firefox.exe" "--marionette" "-foreground" "-no-remote" "-profile" "C:\\Users\\BNER~1\\AppData\\Local\\Temp\\rust_mozprofile7OXDG9"
1628299968791	Marionette	INFO	Marionette enabled
console.warn: SearchSettings: "get: No settings file exists, new profile?" (new NotFoundError("Could not open the file at C:\\Users\\\xC1bner\\AppData\\Local\\Temp\\rust_mozprofile7OXDG9\\search.json.mozlz4", (void 0)))
1628299973016	Marionette	INFO	Listening on port 62857
1628299973318	Marionette	WARN	TLS certificate errors will be ignored for this session
JavaScript error: resource://gre/actors/AutoCompleteChild.jsm, line 125: Error: Invalid autocomplete selectedIndex
console.error: services.settings: 
  main/partitioning-exempt-urls Signature failed  TypeError: NetworkError when attempting to fetch resource.
1628299974769	Marionette	INFO	Stopped listening on port 62857
console.error: services.settings: 
  main/message-groups Signature failed  TypeError: NetworkError when attempting to fetch resource.

###!!! [Child][RunMessage] Error: Channel closing: too late to send/recv, messages will be lost

1628299984862	geckodriver	INFO	Listening on 127.0.0.1:62886
1628299987938	mozrunner::runner	INFO	Running command: "C:\\Program Files\\Mozilla Firefox\\firefox.exe" "--marionette" "-foreground" "-no-remote" "-profile" "C:\\Users\\BNER~1\\AppData\\Local\\Temp\\rust_mozprofileKMsgqI"
1628299988810	Marionette	INFO	Marionette enabled
console.warn: SearchSettings: "get: No settings file exists, new profile?" (new NotFoundError("Could not open the file at C:\\Users\\\xC1bner\\AppData\\Local\\Temp\\rust_mozprofileKMsgqI\\search.json.mozlz4", (void 0)))
1628299992835	Marionette	INFO	Listening on port 62894
1628299993320	Marionette	WARN	TLS certificate errors will be ignored for this session
JavaScript error: resource://gre/actors/AutoCompleteChild.jsm, line 125: Error: Invalid autocomplete selectedIndex
console.error: services.settings: 
  main/message-groups Signature failed  TypeError: NetworkError when attempting to fetch resource.
1628299994831	Marionette	INFO	Stopped listening on port 62894
console.error: services.settings: 
  main/partitioning-exempt-urls Signature failed  TypeError: NetworkError when attempting to fetch resource.
console.error: services.settings: 
  main/cfr-fxa Signature failed  TypeError: NetworkError when attempting to fetch resource.
[Parent 8588, IPC I/O Parent] WARNING: file /builds/worker/checkouts/gecko/ipc/chromium/src/base/process_util_win.cc:167

###!!! [Child][RunMessage] Error: Channel closing: too late to send/recv, messages will be lost

1628300076199	geckodriver	INFO	Listening on 127.0.0.1:62924
1628300079293	mozrunner::runner	INFO	Running command: "C:\\Program Files\\Mozilla Firefox\\firefox.exe" "--marionette" "-foreground" "-no-remote" "-profile" "C:\\Users\\BNER~1\\AppData\\Local\\Temp\\rust_mozprofileEkRlvj"
1628300080066	Marionette	INFO	Marionette enabled
console.warn: SearchSettings: "get: No settings file exists, new profile?" (new NotFoundError("Could not open the file at C:\\Users\\\xC1bner\\AppData\\Local\\Temp\\rust_mozprofileEkRlvj\\search.json.mozlz4", (void 0)))
1628300084063	Marionette	INFO	Listening on port 56295
1628300084156	Marionette	WARN	TLS certificate errors will be ignored for this session
JavaScript error: resource://gre/actors/AutoCompleteChild.jsm, line 125: Error: Invalid autocomplete selectedIndex
console.error: services.settings: 
  main/message-groups Signature failed  TypeError: NetworkError when attempting to fetch resource.
console.error: services.settings: 
  main/partitioning-exempt-urls Signature failed  TypeError: NetworkError when attempting to fetch resource.
1628300085502	Marionette	INFO	Stopped listening on port 56295
console.error: services.settings: 
  main/cfr-fxa Signature failed  TypeError: NetworkError when attempting to fetch resource.

###!!! [Child][RunMessage] Error: Channel closing: too late to send/recv, messages will be lost

1628300551541	geckodriver	INFO	Listening on 127.0.0.1:62239
1628300554651	mozrunner::runner	INFO	Running command: "C:\\Program Files\\Mozilla Firefox\\firefox.exe" "--marionette" "-foreground" "-no-remote" "-profile" "C:\\Users\\BNER~1\\AppData\\Local\\Temp\\rust_mozprofileAp8BR6"
1628300555466	Marionette	INFO	Marionette enabled
console.warn: SearchSettings: "get: No settings file exists, new profile?" (new NotFoundError("Could not open the file at C:\\Users\\\xC1bner\\AppData\\Local\\Temp\\rust_mozprofileAp8BR6\\search.json.mozlz4", (void 0)))
1628300559254	Marionette	INFO	Listening on port 62247
1628300559490	Marionette	WARN	TLS certificate errors will be ignored for this session
JavaScript error: resource://gre/actors/AutoCompleteChild.jsm, line 125: Error: Invalid autocomplete selectedIndex
1628300560901	Marionette	INFO	Stopped listening on port 62247
console.error: services.settings: 
  main/message-groups Signature failed  TypeError: NetworkError when attempting to fetch resource.
console.error: services.settings: 
  main/partitioning-exempt-urls Signature failed  TypeError: NetworkError when attempting to fetch resource.
[Parent 1232, IPC I/O Parent] WARNING: file /builds/worker/checkouts/gecko/ipc/chromium/src/base/process_util_win.cc:167

###!!! [Child][RunMessage] Error: Channel closing: too late to send/recv, messages will be lost

1628302218687	geckodriver	INFO	Listening on 127.0.0.1:50072
1628302221773	mozrunner::runner	INFO	Running command: "C:\\Program Files\\Mozilla Firefox\\firefox.exe" "--marionette" "-foreground" "-no-remote" "-profile" "C:\\Users\\BNER~1\\AppData\\Local\\Temp\\rust_mozprofileqMeiq5"
1628302222520	Marionette	INFO	Marionette enabled
console.warn: SearchSettings: "get: No settings file exists, new profile?" (new NotFoundError("Could not open the file at C:\\Users\\\xC1bner\\AppData\\Local\\Temp\\rust_mozprofileqMeiq5\\search.json.mozlz4", (void 0)))
1628302226421	Marionette	INFO	Listening on port 50080
1628302226665	Marionette	WARN	TLS certificate errors will be ignored for this session
JavaScript error: resource://gre/actors/AutoCompleteChild.jsm, line 125: Error: Invalid autocomplete selectedIndex
1628302228165	Marionette	INFO	Stopped listening on port 50080
console.warn: services.settings: main/cfr-fxa sync interrupted by shutdown
[Parent 10444, IPC I/O Parent] WARNING: file /builds/worker/checkouts/gecko/ipc/chromium/src/base/process_util_win.cc:167

###!!! [Child][RunMessage] Error: Channel closing: too late to send/recv, messages will be lost

1628302434011	geckodriver	INFO	Listening on 127.0.0.1:50115
1628302437081	mozrunner::runner	INFO	Running command: "C:\\Program Files\\Mozilla Firefox\\firefox.exe" "--marionette" "-foreground" "-no-remote" "-profile" "C:\\Users\\BNER~1\\AppData\\Local\\Temp\\rust_mozprofileRhAaBU"
1628302437785	Marionette	INFO	Marionette enabled
console.warn: SearchSettings: "get: No settings file exists, new profile?" (new NotFoundError("Could not open the file at C:\\Users\\\xC1bner\\AppData\\Local\\Temp\\rust_mozprofileRhAaBU\\search.json.mozlz4", (void 0)))
1628302441790	Marionette	INFO	Listening on port 50123
1628302441974	Marionette	WARN	TLS certificate errors will be ignored for this session
JavaScript error: resource://gre/actors/AutoCompleteChild.jsm, line 125: Error: Invalid autocomplete selectedIndex
console.error: services.settings: 
  main/message-groups Signature failed  TypeError: NetworkError when attempting to fetch resource.
console.error: services.settings: 
  main/partitioning-exempt-urls Signature failed  TypeError: NetworkError when attempting to fetch resource.
1628302443469	Marionette	INFO	Stopped listening on port 50123
console.error: services.settings: 
  main/cfr-fxa Signature failed  TypeError: NetworkError when attempting to fetch resource.
[Parent 1084, IPC I/O Parent] WARNING: file /builds/worker/checkouts/gecko/ipc/chromium/src/base/process_util_win.cc:167

###!!! [Child][RunMessage] Error: Channel closing: too late to send/recv, messages will be lost

1628302488102	geckodriver	INFO	Listening on 127.0.0.1:50152
1628302491220	mozrunner::runner	INFO	Running command: "C:\\Program Files\\Mozilla Firefox\\firefox.exe" "--marionette" "-foreground" "-no-remote" "-profile" "C:\\Users\\BNER~1\\AppData\\Local\\Temp\\rust_mozprofilegABFxz"
1628302491893	Marionette	INFO	Marionette enabled
console.warn: SearchSettings: "get: No settings file exists, new profile?" (new NotFoundError("Could not open the file at C:\\Users\\\xC1bner\\AppData\\Local\\Temp\\rust_mozprofilegABFxz\\search.json.mozlz4", (void 0)))
1628302495971	Marionette	INFO	Listening on port 50160
1628302496061	Marionette	WARN	TLS certificate errors will be ignored for this session
JavaScript error: resource://gre/actors/AutoCompleteChild.jsm, line 125: Error: Invalid autocomplete selectedIndex
1628302497475	Marionette	INFO	Stopped listening on port 50160
console.error: services.settings: 
  main/cfr Signature failed  TypeError: NetworkError when attempting to fetch resource.
[Parent 12976, IPC I/O Parent] WARNING: file /builds/worker/checkouts/gecko/ipc/chromium/src/base/process_util_win.cc:167

###!!! [Child][RunMessage] Error: Channel closing: too late to send/recv, messages will be lost

1628302537604	geckodriver	INFO	Listening on 127.0.0.1:50187
1628302540678	mozrunner::runner	INFO	Running command: "C:\\Program Files\\Mozilla Firefox\\firefox.exe" "--marionette" "-foreground" "-no-remote" "-profile" "C:\\Users\\BNER~1\\AppData\\Local\\Temp\\rust_mozprofilea906eZ"
1628302541552	Marionette	INFO	Marionette enabled
console.warn: SearchSettings: "get: No settings file exists, new profile?" (new NotFoundError("Could not open the file at C:\\Users\\\xC1bner\\AppData\\Local\\Temp\\rust_mozprofilea906eZ\\search.json.mozlz4", (void 0)))
1628302545463	Marionette	INFO	Listening on port 50195
1628302545577	Marionette	WARN	TLS certificate errors will be ignored for this session
JavaScript error: resource://gre/actors/AutoCompleteChild.jsm, line 125: Error: Invalid autocomplete selectedIndex
1628302546952	Marionette	INFO	Stopped listening on port 50195
console.warn: services.settings: main/cfr sync interrupted by shutdown
[Parent 7364, IPC I/O Parent] WARNING: file /builds/worker/checkouts/gecko/ipc/chromium/src/base/process_util_win.cc:167

###!!! [Child][RunMessage] Error: Channel closing: too late to send/recv, messages will be lost

1628302571530	geckodriver	INFO	Listening on 127.0.0.1:50221
1628302574606	mozrunner::runner	INFO	Running command: "C:\\Program Files\\Mozilla Firefox\\firefox.exe" "--marionette" "-foreground" "-no-remote" "-profile" "C:\\Users\\BNER~1\\AppData\\Local\\Temp\\rust_mozprofileki58a4"
1628302575365	Marionette	INFO	Marionette enabled
console.warn: SearchSettings: "get: No settings file exists, new profile?" (new NotFoundError("Could not open the file at C:\\Users\\\xC1bner\\AppData\\Local\\Temp\\rust_mozprofileki58a4\\search.json.mozlz4", (void 0)))
1628302579542	Marionette	INFO	Listening on port 50229
1628302579981	Marionette	WARN	TLS certificate errors will be ignored for this session
JavaScript error: resource://gre/actors/AutoCompleteChild.jsm, line 125: Error: Invalid autocomplete selectedIndex
1628302582560	Marionette	INFO	Stopped listening on port 50229

###!!! [Child][RunMessage] Error: Channel closing: too late to send/recv, messages will be lost

1628302724062	geckodriver	INFO	Listening on 127.0.0.1:59565
1628302727167	mozrunner::runner	INFO	Running command: "C:\\Program Files\\Mozilla Firefox\\firefox.exe" "--marionette" "-foreground" "-no-remote" "-profile" "C:\\Users\\BNER~1\\AppData\\Local\\Temp\\rust_mozprofilew9Pavb"
1628302727983	Marionette	INFO	Marionette enabled
console.warn: SearchSettings: "get: No settings file exists, new profile?" (new NotFoundError("Could not open the file at C:\\Users\\\xC1bner\\AppData\\Local\\Temp\\rust_mozprofilew9Pavb\\search.json.mozlz4", (void 0)))
1628302731963	Marionette	INFO	Listening on port 59574
1628302732039	Marionette	WARN	TLS certificate errors will be ignored for this session
JavaScript error: resource://gre/actors/AutoCompleteChild.jsm, line 125: Error: Invalid autocomplete selectedIndex
1628302734556	Marionette	INFO	Stopped listening on port 59574

###!!! [Child][RunMessage] Error: Channel closing: too late to send/recv, messages will be lost

1628303441517	geckodriver	INFO	Listening on 127.0.0.1:65301
1628303444605	mozrunner::runner	INFO	Running command: "C:\\Program Files\\Mozilla Firefox\\firefox.exe" "--marionette" "-foreground" "-no-remote" "-profile" "C:\\Users\\BNER~1\\AppData\\Local\\Temp\\rust_mozprofileWNT5hE"
1628303445446	Marionette	INFO	Marionette enabled
console.warn: SearchSettings: "get: No settings file exists, new profile?" (new NotFoundError("Could not open the file at C:\\Users\\\xC1bner\\AppData\\Local\\Temp\\rust_mozprofileWNT5hE\\search.json.mozlz4", (void 0)))
1628303449553	Marionette	INFO	Listening on port 52656
1628303449993	Marionette	WARN	TLS certificate errors will be ignored for this session
1628303450567	Marionette	INFO	Stopped listening on port 52656
console.warn: services.settings: main/partitioning-exempt-urls sync interrupted by shutdown
[Parent 9392, IPC I/O Parent] WARNING: file /builds/worker/checkouts/gecko/ipc/chromium/src/base/process_util_win.cc:167

###!!! [Child][RunMessage] Error: Channel closing: too late to send/recv, messages will be lost

1628303583043	geckodriver	INFO	Listening on 127.0.0.1:59969
1628303586161	mozrunner::runner	INFO	Running command: "C:\\Program Files\\Mozilla Firefox\\firefox.exe" "--marionette" "-foreground" "-no-remote" "-profile" "C:\\Users\\BNER~1\\AppData\\Local\\Temp\\rust_mozprofile5vjVcR"
1628303587052	Marionette	INFO	Marionette enabled
console.warn: SearchSettings: "get: No settings file exists, new profile?" (new NotFoundError("Could not open the file at C:\\Users\\\xC1bner\\AppData\\Local\\Temp\\rust_mozprofile5vjVcR\\search.json.mozlz4", (void 0)))
1628303591838	Marionette	INFO	Listening on port 59977
1628303592026	Marionette	WARN	TLS certificate errors will be ignored for this session
JavaScript error: resource://gre/actors/AutoCompleteChild.jsm, line 125: Error: Invalid autocomplete selectedIndex
1628303593729	Marionette	INFO	Stopped listening on port 59977

###!!! [Child][RunMessage] Error: Channel closing: too late to send/recv, messages will be lost

1628303632075	geckodriver	INFO	Listening on 127.0.0.1:56050
1628303635181	mozrunner::runner	INFO	Running command: "C:\\Program Files\\Mozilla Firefox\\firefox.exe" "--marionette" "-foreground" "-no-remote" "-profile" "C:\\Users\\BNER~1\\AppData\\Local\\Temp\\rust_mozprofileM83Wv5"
1628303635911	Marionette	INFO	Marionette enabled
console.warn: SearchSettings: "get: No settings file exists, new profile?" (new NotFoundError("Could not open the file at C:\\Users\\\xC1bner\\AppData\\Local\\Temp\\rust_mozprofileM83Wv5\\search.json.mozlz4", (void 0)))
1628303639983	Marionette	INFO	Listening on port 56058
1628303640035	Marionette	WARN	TLS certificate errors will be ignored for this session
JavaScript error: resource://gre/actors/AutoCompleteChild.jsm, line 125: Error: Invalid autocomplete selectedIndex
1628303641481	Marionette	INFO	Stopped listening on port 56058
console.error: Region.jsm: "Error fetching region" (new TypeError("NetworkError when attempting to fetch resource.", ""))
console.error: Region.jsm: "Failed to fetch region" (new Error("NO_RESULT", "resource://gre/modules/Region.jsm", 419))
[Parent 4816, IPC I/O Parent] WARNING: file /builds/worker/checkouts/gecko/ipc/chromium/src/base/process_util_win.cc:167
1628548865842	geckodriver	INFO	Listening on 127.0.0.1:63584
1628548868895	mozrunner::runner	INFO	Running command: "C:\\Program Files\\Mozilla Firefox\\firefox.exe" "--marionette" "-foreground" "-no-remote" "-profile" "C:\\Users\\BNER~1\\AppData\\Local\\Temp\\rust_mozprofileDJori5"
1628548869924	Marionette	INFO	Marionette enabled
console.warn: SearchSettings: "get: No settings file exists, new profile?" (new NotFoundError("Could not open the file at C:\\Users\\\xC1bner\\AppData\\Local\\Temp\\rust_mozprofileDJori5\\search.json.mozlz4", (void 0)))
1628548873873	Marionette	INFO	Listening on port 63592
1628548874273	Marionette	WARN	TLS certificate errors will be ignored for this session
JavaScript error: resource://gre/actors/AutoCompleteChild.jsm, line 125: Error: Invalid autocomplete selectedIndex
1628548877156	Marionette	INFO	Stopped listening on port 63592

###!!! [Child][RunMessage] Error: Channel closing: too late to send/recv, messages will be lost

1628548901116	geckodriver	INFO	Listening on 127.0.0.1:63625
1628548904211	mozrunner::runner	INFO	Running command: "C:\\Program Files\\Mozilla Firefox\\firefox.exe" "--marionette" "-foreground" "-no-remote" "-profile" "C:\\Users\\BNER~1\\AppData\\Local\\Temp\\rust_mozprofileFqLYEV"
1628548904931	Marionette	INFO	Marionette enabled
console.warn: SearchSettings: "get: No settings file exists, new profile?" (new NotFoundError("Could not open the file at C:\\Users\\\xC1bner\\AppData\\Local\\Temp\\rust_mozprofileFqLYEV\\search.json.mozlz4", (void 0)))
1628548908749	Marionette	INFO	Listening on port 63633
1628548909053	Marionette	WARN	TLS certificate errors will be ignored for this session
JavaScript error: resource://gre/actors/AutoCompleteChild.jsm, line 125: Error: Invalid autocomplete selectedIndex
1628548911514	Marionette	INFO	Stopped listening on port 63633

###!!! [Child][RunMessage] Error: Channel closing: too late to send/recv, messages will be lost

1628549162039	geckodriver	INFO	Listening on 127.0.0.1:56432
1628549165122	mozrunner::runner	INFO	Running command: "C:\\Program Files\\Mozilla Firefox\\firefox.exe" "--marionette" "-foreground" "-no-remote" "-profile" "C:\\Users\\BNER~1\\AppData\\Local\\Temp\\rust_mozprofilez0HZGu"
1628549165790	Marionette	INFO	Marionette enabled
console.warn: SearchSettings: "get: No settings file exists, new profile?" (new NotFoundError("Could not open the file at C:\\Users\\\xC1bner\\AppData\\Local\\Temp\\rust_mozprofilez0HZGu\\search.json.mozlz4", (void 0)))
1628549169490	Marionette	INFO	Listening on port 56440
1628549169991	Marionette	WARN	TLS certificate errors will be ignored for this session
JavaScript error: resource://gre/actors/AutoCompleteChild.jsm, line 125: Error: Invalid autocomplete selectedIndex
1628549170289	Marionette	INFO	Stopped listening on port 56440
console.error: services.settings: 
  main/message-groups Signature failed  TypeError: NetworkError when attempting to fetch resource.

###!!! [Child][RunMessage] Error: Channel closing: too late to send/recv, messages will be lost

1628549207500	geckodriver	INFO	Listening on 127.0.0.1:56469
1628549210610	mozrunner::runner	INFO	Running command: "C:\\Program Files\\Mozilla Firefox\\firefox.exe" "--marionette" "-foreground" "-no-remote" "-profile" "C:\\Users\\BNER~1\\AppData\\Local\\Temp\\rust_mozprofiletY3sVI"
1628549211230	Marionette	INFO	Marionette enabled
console.warn: SearchSettings: "get: No settings file exists, new profile?" (new NotFoundError("Could not open the file at C:\\Users\\\xC1bner\\AppData\\Local\\Temp\\rust_mozprofiletY3sVI\\search.json.mozlz4", (void 0)))
1628549214561	Marionette	INFO	Listening on port 56477
1628549214873	Marionette	WARN	TLS certificate errors will be ignored for this session
JavaScript error: resource://gre/actors/AutoCompleteChild.jsm, line 125: Error: Invalid autocomplete selectedIndex
1628549216961	Marionette	INFO	Stopped listening on port 56477

###!!! [Child][RunMessage] Error: Channel closing: too late to send/recv, messages will be lost

1628549246997	geckodriver	INFO	Listening on 127.0.0.1:56507
1628549250092	mozrunner::runner	INFO	Running command: "C:\\Program Files\\Mozilla Firefox\\firefox.exe" "--marionette" "-foreground" "-no-remote" "-profile" "C:\\Users\\BNER~1\\AppData\\Local\\Temp\\rust_mozprofileL7L0Lq"
1628549250725	Marionette	INFO	Marionette enabled
console.warn: SearchSettings: "get: No settings file exists, new profile?" (new NotFoundError("Could not open the file at C:\\Users\\\xC1bner\\AppData\\Local\\Temp\\rust_mozprofileL7L0Lq\\search.json.mozlz4", (void 0)))
1628549254223	Marionette	INFO	Listening on port 56515
1628549254343	Marionette	WARN	TLS certificate errors will be ignored for this session
JavaScript error: resource://gre/actors/AutoCompleteChild.jsm, line 125: Error: Invalid autocomplete selectedIndex
1628549255901	Marionette	INFO	Stopped listening on port 56515

###!!! [Child][RunMessage] Error: Channel closing: too late to send/recv, messages will be lost

1628550597241	geckodriver	INFO	Listening on 127.0.0.1:60272
1628550600279	mozrunner::runner	INFO	Running command: "C:\\Program Files\\Mozilla Firefox\\firefox.exe" "--marionette" "-foreground" "-no-remote" "-profile" "C:\\Users\\BNER~1\\AppData\\Local\\Temp\\rust_mozprofileFAnJWT"
1628550600980	Marionette	INFO	Marionette enabled
console.warn: SearchSettings: "get: No settings file exists, new profile?" (new NotFoundError("Could not open the file at C:\\Users\\\xC1bner\\AppData\\Local\\Temp\\rust_mozprofileFAnJWT\\search.json.mozlz4", (void 0)))
1628550604592	Marionette	INFO	Listening on port 60280
1628550604659	Marionette	WARN	TLS certificate errors will be ignored for this session
JavaScript error: resource://gre/actors/AutoCompleteChild.jsm, line 125: Error: Invalid autocomplete selectedIndex
1628550605597	Marionette	INFO	Stopped listening on port 60280

###!!! [Child][RunMessage] Error: Channel closing: too late to send/recv, messages will be lost

1628550606582	geckodriver	INFO	Listening on 127.0.0.1:60304
1628550609670	mozrunner::runner	INFO	Running command: "C:\\Program Files\\Mozilla Firefox\\firefox.exe" "--marionette" "-foreground" "-no-remote" "-profile" "C:\\Users\\BNER~1\\AppData\\Local\\Temp\\rust_mozprofileAIahwR"
1628550610424	Marionette	INFO	Marionette enabled
console.warn: SearchSettings: "get: No settings file exists, new profile?" (new NotFoundError("Could not open the file at C:\\Users\\\xC1bner\\AppData\\Local\\Temp\\rust_mozprofileAIahwR\\search.json.mozlz4", (void 0)))
1628550613982	Marionette	INFO	Listening on port 60312
1628550614541	Marionette	WARN	TLS certificate errors will be ignored for this session
JavaScript error: resource://gre/actors/AutoCompleteChild.jsm, line 125: Error: Invalid autocomplete selectedIndex
1628550615342	Marionette	INFO	Stopped listening on port 60312
1628550723299	geckodriver	INFO	Listening on 127.0.0.1:60346
1628550726369	mozrunner::runner	INFO	Running command: "C:\\Program Files\\Mozilla Firefox\\firefox.exe" "--marionette" "-foreground" "-no-remote" "-profile" "C:\\Users\\BNER~1\\AppData\\Local\\Temp\\rust_mozprofileKuoyLD"
1628550727093	Marionette	INFO	Marionette enabled
console.warn: SearchSettings: "get: No settings file exists, new profile?" (new NotFoundError("Could not open the file at C:\\Users\\\xC1bner\\AppData\\Local\\Temp\\rust_mozprofileKuoyLD\\search.json.mozlz4", (void 0)))
1628550730731	Marionette	INFO	Listening on port 60354
1628550731226	Marionette	WARN	TLS certificate errors will be ignored for this session
JavaScript error: resource://gre/actors/AutoCompleteChild.jsm, line 125: Error: Invalid autocomplete selectedIndex
1628550732352	Marionette	INFO	Stopped listening on port 60354
console.error: services.settings: 
  main/cfr-fxa Signature failed  TypeError: NetworkError when attempting to fetch resource.

###!!! [Child][RunMessage] Error: Channel closing: too late to send/recv, messages will be lost

1628550733325	geckodriver	INFO	Listening on 127.0.0.1:60379
1628550736410	mozrunner::runner	INFO	Running command: "C:\\Program Files\\Mozilla Firefox\\firefox.exe" "--marionette" "-foreground" "-no-remote" "-profile" "C:\\Users\\BNER~1\\AppData\\Local\\Temp\\rust_mozprofilemX8jnC"
1628550737147	Marionette	INFO	Marionette enabled
console.warn: SearchSettings: "get: No settings file exists, new profile?" (new NotFoundError("Could not open the file at C:\\Users\\\xC1bner\\AppData\\Local\\Temp\\rust_mozprofilemX8jnC\\search.json.mozlz4", (void 0)))
1628550740779	Marionette	INFO	Listening on port 60387
1628550741261	Marionette	WARN	TLS certificate errors will be ignored for this session
JavaScript error: resource://gre/actors/AutoCompleteChild.jsm, line 125: Error: Invalid autocomplete selectedIndex
1628550742096	Marionette	INFO	Stopped listening on port 60387
console.error: services.settings: 
  main/cfr-fxa Signature failed  TypeError: NetworkError when attempting to fetch resource.

###!!! [Child][RunMessage] Error: Channel closing: too late to send/recv, messages will be lost

1628550752720	geckodriver	INFO	Listening on 127.0.0.1:52403
1628550755796	mozrunner::runner	INFO	Running command: "C:\\Program Files\\Mozilla Firefox\\firefox.exe" "--marionette" "-foreground" "-no-remote" "-profile" "C:\\Users\\BNER~1\\AppData\\Local\\Temp\\rust_mozprofilefll4gc"
1628550756467	Marionette	INFO	Marionette enabled
console.warn: SearchSettings: "get: No settings file exists, new profile?" (new NotFoundError("Could not open the file at C:\\Users\\\xC1bner\\AppData\\Local\\Temp\\rust_mozprofilefll4gc\\search.json.mozlz4", (void 0)))
1628550760058	Marionette	INFO	Listening on port 52413
1628550760146	Marionette	WARN	TLS certificate errors will be ignored for this session
JavaScript error: resource://gre/actors/AutoCompleteChild.jsm, line 125: Error: Invalid autocomplete selectedIndex
1628550765597	Marionette	INFO	Stopped listening on port 52413
1628550766571	geckodriver	INFO	Listening on 127.0.0.1:52437
1628550769672	mozrunner::runner	INFO	Running command: "C:\\Program Files\\Mozilla Firefox\\firefox.exe" "--marionette" "-foreground" "-no-remote" "-profile" "C:\\Users\\BNER~1\\AppData\\Local\\Temp\\rust_mozprofilefZwKqA"
1628550770380	Marionette	INFO	Marionette enabled
console.warn: SearchSettings: "get: No settings file exists, new profile?" (new NotFoundError("Could not open the file at C:\\Users\\\xC1bner\\AppData\\Local\\Temp\\rust_mozprofilefZwKqA\\search.json.mozlz4", (void 0)))
1628550773811	Marionette	INFO	Listening on port 52445
1628550773882	Marionette	WARN	TLS certificate errors will be ignored for this session
JavaScript error: resource://gre/actors/AutoCompleteChild.jsm, line 125: Error: Invalid autocomplete selectedIndex
1628550779263	Marionette	INFO	Stopped listening on port 52445
